{"level":"info","message":"::1 Fri, 29 Sep 2023 01:25:39 GMT GET HTTP/ 1.1 / 404 TTM 3.990 ms TRT 9.790 ms 139 PostmanRuntime/7.31.1\n"}
{"level":"info","message":"::1 Fri, 29 Sep 2023 01:26:08 GMT GET HTTP/ 1.1 /test 200 TTM 3.891 ms TRT 7.161 ms 63 PostmanRuntime/7.31.1\n"}
{"level":"info","message":"::1 Fri, 29 Sep 2023 01:36:21 GMT POST HTTP/ 1.1 /query-acct 200 TTM 136.430 ms TRT 160.793 ms 1669 PostmanRuntime/7.31.1\n"}
{"level":"info","message":"::1 Fri, 29 Sep 2023 01:46:56 GMT GET HTTP/ 1.1 /test 200 TTM 4.303 ms TRT 11.274 ms 63 PostmanRuntime/7.31.1\n"}
{"level":"info","message":"::1 Fri, 29 Sep 2023 01:47:35 GMT GET HTTP/ 1.1 /test 200 TTM 2.515 ms TRT 15.626 ms 93 PostmanRuntime/7.31.1\n"}
{"level":"info","message":"::1 Fri, 29 Sep 2023 01:51:07 GMT GET HTTP/ 1.1 /test 200 TTM 4.737 ms TRT 8.284 ms 63 PostmanRuntime/7.31.1\n"}
{"level":"info","message":"::1 Fri, 29 Sep 2023 01:51:21 GMT POST HTTP/ 1.1 /query-acct 200 TTM 95.194 ms TRT 96.380 ms 1707 PostmanRuntime/7.31.1\n"}
{"level":"info","message":"::1 Fri, 29 Sep 2023 02:01:11 GMT POST HTTP/ 1.1 /query-acct 200 TTM 17.144 ms TRT 19.922 ms 68 PostmanRuntime/7.31.1\n"}
{"level":"info","message":"::1 Fri, 29 Sep 2023 02:01:16 GMT POST HTTP/ 1.1 /query-acct 200 TTM 0.870 ms TRT 1.634 ms 68 PostmanRuntime/7.31.1\n"}
{"level":"info","message":"::1 Fri, 29 Sep 2023 02:01:18 GMT POST HTTP/ 1.1 /query-acct 200 TTM 0.960 ms TRT 1.676 ms 68 PostmanRuntime/7.31.1\n"}
{"level":"info","message":"::1 Fri, 29 Sep 2023 02:02:46 GMT POST HTTP/ 1.1 /query-acct 200 TTM 22.282 ms TRT 27.693 ms 68 PostmanRuntime/7.31.1\n"}
{"level":"info","message":"::1 Fri, 29 Sep 2023 02:02:50 GMT POST HTTP/ 1.1 /query-acct 200 TTM 0.831 ms TRT 1.618 ms 68 PostmanRuntime/7.31.1\n"}
{"level":"info","message":"::1 Fri, 29 Sep 2023 02:02:51 GMT POST HTTP/ 1.1 /query-acct 200 TTM 0.702 ms TRT 1.281 ms 68 PostmanRuntime/7.31.1\n"}
{"level":"info","message":"::1 Fri, 29 Sep 2023 02:02:53 GMT POST HTTP/ 1.1 /query-acct 200 TTM 0.580 ms TRT 1.145 ms 68 PostmanRuntime/7.31.1\n"}
{"level":"info","message":"::1 Fri, 29 Sep 2023 02:02:54 GMT POST HTTP/ 1.1 /query-acct 200 TTM 1.929 ms TRT 5.143 ms 68 PostmanRuntime/7.31.1\n"}
{"level":"info","message":"::1 Fri, 29 Sep 2023 02:02:55 GMT POST HTTP/ 1.1 /query-acct 200 TTM 0.473 ms TRT 1.123 ms 68 PostmanRuntime/7.31.1\n"}
{"level":"info","message":"::1 Fri, 29 Sep 2023 02:02:56 GMT POST HTTP/ 1.1 /query-acct 200 TTM 0.520 ms TRT 1.129 ms 68 PostmanRuntime/7.31.1\n"}
{"level":"info","message":"::1 Fri, 29 Sep 2023 03:46:51 GMT POST HTTP/ 1.1 /query-acct 404 TTM 1.887 ms TRT 7.222 ms 150 PostmanRuntime/7.31.1\n"}
{"level":"info","message":"::1 Fri, 29 Sep 2023 06:23:36 GMT POST HTTP/ 1.1 /api/query-acct 500 TTM 790.557 ms TRT 793.382 ms 70 PostmanRuntime/7.31.1\n"}
{"level":"info","message":"::1 Fri, 29 Sep 2023 08:02:44 GMT POST HTTP/ 1.1 /api/query-acct 500 TTM 3703.152 ms TRT 3706.666 ms 70 PostmanRuntime/7.31.1\n"}
{"level":"info","message":"::1 Fri, 29 Sep 2023 08:07:48 GMT POST HTTP/ 1.1 /api/query-acct 500 TTM 632.864 ms TRT 635.064 ms 70 PostmanRuntime/7.31.1\n"}
{"level":"info","message":"::1 Fri, 29 Sep 2023 08:09:49 GMT POST HTTP/ 1.1 /api/query-acct 500 TTM 701.494 ms TRT 703.105 ms 70 PostmanRuntime/7.31.1\n"}
{"level":"info","message":"::1 Fri, 29 Sep 2023 08:09:58 GMT POST HTTP/ 1.1 /api/query-acct 500 TTM 631.593 ms TRT 633.065 ms 70 PostmanRuntime/7.31.1\n"}
{"level":"info","message":"::1 Fri, 29 Sep 2023 08:12:49 GMT POST HTTP/ 1.1 /api/query-acct  TTM  ms TRT  ms  PostmanRuntime/7.31.1\n"}
{"level":"info","message":"::1 Fri, 29 Sep 2023 08:15:08 GMT POST HTTP/ 1.1 /api/query-acct  TTM  ms TRT  ms  PostmanRuntime/7.31.1\n"}
{"level":"info","message":"::1 Fri, 29 Sep 2023 08:16:19 GMT POST HTTP/ 1.1 /api/query-acct  TTM  ms TRT  ms  PostmanRuntime/7.31.1\n"}
{"level":"info","message":"::1 Fri, 29 Sep 2023 08:16:46 GMT POST HTTP/ 1.1 /api/query-acct 500 TTM 623.306 ms TRT 625.384 ms 70 PostmanRuntime/7.31.1\n"}
{"level":"info","message":"::1 Fri, 29 Sep 2023 08:17:03 GMT POST HTTP/ 1.1 /api/query-acct 500 TTM 449.974 ms TRT 452.474 ms 70 PostmanRuntime/7.31.1\n"}
{"level":"info","message":"::1 Fri, 29 Sep 2023 08:18:18 GMT POST HTTP/ 1.1 /api/query-acct 500 TTM 820.756 ms TRT 825.350 ms 70 PostmanRuntime/7.31.1\n"}
{"level":"info","message":"::1 Fri, 29 Sep 2023 08:23:14 GMT POST HTTP/ 1.1 /api/query-acct 500 TTM 805.189 ms TRT 806.083 ms 70 PostmanRuntime/7.31.1\n"}
{"level":"info","message":"::1 Fri, 29 Sep 2023 08:28:11 GMT POST HTTP/ 1.1 /api/query-acct 500 TTM 4785.699 ms TRT 4906.773 ms 70 PostmanRuntime/7.31.1\n"}
{"level":"info","message":"::1 Fri, 29 Sep 2023 08:31:11 GMT POST HTTP/ 1.1 /api/query-acct  TTM  ms TRT  ms  PostmanRuntime/7.31.1\n"}
{"level":"info","message":"::1 Fri, 29 Sep 2023 08:33:25 GMT POST HTTP/ 1.1 /api/register 500 TTM 9.228 ms TRT 12.903 ms 58 PostmanRuntime/7.31.1\n"}
{"level":"info","message":"::1 Fri, 29 Sep 2023 08:34:03 GMT POST HTTP/ 1.1 /api/register 500 TTM 5.804 ms TRT 69.619 ms 90 PostmanRuntime/7.31.1\n"}
{"level":"info","message":"::1 Fri, 29 Sep 2023 08:37:17 GMT POST HTTP/ 1.1 /api/register 500 TTM 204.855 ms TRT 210.677 ms 104 PostmanRuntime/7.31.1\n"}
{"level":"info","message":"::1 Fri, 29 Sep 2023 08:38:10 GMT POST HTTP/ 1.1 /api/register 500 TTM 87.770 ms TRT 91.190 ms 99 PostmanRuntime/7.31.1\n"}
{"level":"info","message":"::1 Fri, 29 Sep 2023 08:39:02 GMT POST HTTP/ 1.1 /api/register 500 TTM 893.914 ms TRT 895.992 ms 70 PostmanRuntime/7.31.1\n"}
{"level":"info","message":"::1 Fri, 29 Sep 2023 08:40:22 GMT POST HTTP/ 1.1 /api/register 500 TTM 682.308 ms TRT 683.385 ms 70 PostmanRuntime/7.31.1\n"}
{"level":"info","message":"::1 Fri, 29 Sep 2023 08:50:06 GMT POST HTTP/ 1.1 /api/register 500 TTM 3142.537 ms TRT 3144.888 ms 70 PostmanRuntime/7.31.1\n"}
{"level":"info","message":"::1 Fri, 29 Sep 2023 09:33:33 GMT POST HTTP/ 1.1 /api/query-acct 500 TTM 340.653 ms TRT 341.520 ms 70 PostmanRuntime/7.31.1\n"}
{"level":"info","message":"::1 Fri, 29 Sep 2023 09:35:18 GMT POST HTTP/ 1.1 /api/query-acct 500 TTM 278.031 ms TRT 280.653 ms 70 PostmanRuntime/7.31.1\n"}
{"level":"info","message":"::1 Fri, 29 Sep 2023 09:37:22 GMT POST HTTP/ 1.1 /api/query-acct 500 TTM 653.457 ms TRT 655.648 ms 70 PostmanRuntime/7.31.1\n"}
{"level":"info","message":"::1 Fri, 29 Sep 2023 09:39:04 GMT POST HTTP/ 1.1 /api/query-acct 500 TTM 259.517 ms TRT 264.704 ms 70 PostmanRuntime/7.31.1\n"}
{"level":"info","message":"::1 Fri, 29 Sep 2023 09:41:23 GMT POST HTTP/ 1.1 /api/query-acct 500 TTM 728.427 ms TRT 733.265 ms 70 PostmanRuntime/7.31.1\n"}
{"level":"info","message":"::1 Fri, 29 Sep 2023 09:42:49 GMT POST HTTP/ 1.1 /api/query-acct 500 TTM 843.586 ms TRT 845.920 ms 70 PostmanRuntime/7.31.1\n"}
{"level":"info","message":"::1 Fri, 29 Sep 2023 10:07:18 GMT POST HTTP/ 1.1 /api/query-acct 500 TTM 771.148 ms TRT 773.345 ms 70 PostmanRuntime/7.31.1\n"}
{"level":"info","message":"::1 Fri, 29 Sep 2023 15:01:51 GMT POST HTTP/ 1.1 /api/query-acct 500 TTM 1811.747 ms TRT 1813.905 ms 70 PostmanRuntime/7.31.1\n"}
{"level":"info","message":"::1 Fri, 29 Sep 2023 15:02:26 GMT POST HTTP/ 1.1 /api/query-acct 500 TTM 459.171 ms TRT 459.810 ms 70 PostmanRuntime/7.31.1\n"}
{"level":"info","message":"::1 Fri, 29 Sep 2023 15:02:28 GMT POST HTTP/ 1.1 /api/query-acct 500 TTM 449.889 ms TRT 450.370 ms 70 PostmanRuntime/7.31.1\n"}
{"level":"info","message":"::1 Fri, 29 Sep 2023 15:09:57 GMT POST HTTP/ 1.1 /api/query-acct 500 TTM 1441.713 ms TRT 1453.905 ms 70 PostmanRuntime/7.31.1\n"}
{"level":"info","message":"::1 Fri, 29 Sep 2023 15:55:21 GMT POST HTTP/ 1.1 /api/query-acct 500 TTM 895.651 ms TRT 900.672 ms 70 PostmanRuntime/7.31.1\n"}
{"level":"info","message":"::1 Sat, 30 Sep 2023 08:53:02 GMT POST HTTP/ 1.1 /api/query-acct 200 TTM 42.164 ms TRT 47.251 ms 109 PostmanRuntime/7.31.1\n"}
{"level":"info","message":"::1 Sat, 30 Sep 2023 08:56:37 GMT POST HTTP/ 1.1 /api/query-acct 200 TTM 22.608 ms TRT 25.968 ms 66 PostmanRuntime/7.31.1\n"}
{"level":"info","message":"::1 Sat, 30 Sep 2023 09:02:44 GMT POST HTTP/ 1.1 /api/query-acct 200 TTM 21.625 ms TRT 27.307 ms 66 PostmanRuntime/7.31.1\n"}
{"level":"info","message":"::1 Sat, 30 Sep 2023 09:02:59 GMT POST HTTP/ 1.1 /api/query-acct 200 TTM 1.176 ms TRT 4.146 ms 66 PostmanRuntime/7.31.1\n"}
{"level":"info","message":"::1 Sat, 30 Sep 2023 09:03:00 GMT POST HTTP/ 1.1 /api/query-acct 200 TTM 1.172 ms TRT 2.095 ms 66 PostmanRuntime/7.31.1\n"}
{"level":"info","message":"::1 Sat, 30 Sep 2023 09:05:09 GMT POST HTTP/ 1.1 /api/query-acct 200 TTM 23.944 ms TRT 29.991 ms 66 PostmanRuntime/7.31.1\n"}
{"level":"info","message":"::1 Sat, 30 Sep 2023 09:05:14 GMT POST HTTP/ 1.1 /api/query-acct 200 TTM 1.215 ms TRT 1.901 ms 66 PostmanRuntime/7.31.1\n"}
{"level":"info","message":"::1 Sat, 30 Sep 2023 09:05:15 GMT POST HTTP/ 1.1 /api/query-acct 200 TTM 0.951 ms TRT 1.598 ms 66 PostmanRuntime/7.31.1\n"}
{"level":"info","message":"::1 Sat, 30 Sep 2023 09:05:16 GMT POST HTTP/ 1.1 /api/query-acct 200 TTM 0.802 ms TRT 1.559 ms 66 PostmanRuntime/7.31.1\n"}
{"level":"info","message":"::1 Sat, 30 Sep 2023 09:05:17 GMT POST HTTP/ 1.1 /api/query-acct 200 TTM 2.213 ms TRT 2.982 ms 66 PostmanRuntime/7.31.1\n"}
{"level":"info","message":"::1 Sat, 30 Sep 2023 09:05:18 GMT POST HTTP/ 1.1 /api/query-acct 200 TTM 0.877 ms TRT 1.786 ms 66 PostmanRuntime/7.31.1\n"}
{"level":"info","message":"::1 Sat, 30 Sep 2023 09:08:59 GMT POST HTTP/ 1.1 /api/query-acct 200 TTM 20.620 ms TRT 27.845 ms 66 PostmanRuntime/7.31.1\n"}
{"level":"info","message":"::1 Sat, 30 Sep 2023 09:09:01 GMT POST HTTP/ 1.1 /api/query-acct 200 TTM 3.269 ms TRT 4.059 ms 66 PostmanRuntime/7.31.1\n"}
{"level":"info","message":"::1 Sat, 30 Sep 2023 09:09:03 GMT POST HTTP/ 1.1 /api/query-acct 200 TTM 1.033 ms TRT 1.605 ms 66 PostmanRuntime/7.31.1\n"}
{"level":"info","message":"::1 Sat, 30 Sep 2023 09:09:04 GMT POST HTTP/ 1.1 /api/query-acct 200 TTM 1.906 ms TRT 2.727 ms 66 PostmanRuntime/7.31.1\n"}
{"level":"info","message":"::1 Sat, 30 Sep 2023 09:09:05 GMT POST HTTP/ 1.1 /api/query-acct 200 TTM 0.995 ms TRT 1.658 ms 66 PostmanRuntime/7.31.1\n"}
{"level":"info","message":"::1 Sat, 30 Sep 2023 09:09:06 GMT POST HTTP/ 1.1 /api/query-acct 200 TTM 2.065 ms TRT 2.710 ms 66 PostmanRuntime/7.31.1\n"}
{"level":"info","message":"::1 Sat, 30 Sep 2023 09:12:56 GMT POST HTTP/ 1.1 /api/query-acct 200 TTM 34.599 ms TRT 47.539 ms 66 PostmanRuntime/7.31.1\n"}
{"level":"info","message":"::1 Sat, 30 Sep 2023 09:13:23 GMT POST HTTP/ 1.1 /api/query-acct 200 TTM 1.342 ms TRT 1.998 ms 66 PostmanRuntime/7.31.1\n"}
{"level":"info","message":"::1 Sat, 30 Sep 2023 09:16:27 GMT POST HTTP/ 1.1 /api/query-acct 200 TTM 19.433 ms TRT 25.344 ms 66 PostmanRuntime/7.31.1\n"}
{"level":"info","message":"::1 Sat, 30 Sep 2023 09:21:12 GMT POST HTTP/ 1.1 /api/query-acct 500 TTM 763.044 ms TRT 799.243 ms 70 PostmanRuntime/7.31.1\n"}
{"level":"info","message":"::1 Sat, 30 Sep 2023 09:34:16 GMT POST HTTP/ 1.1 /api/query-acct 500 TTM 790.512 ms TRT 793.352 ms 78 PostmanRuntime/7.31.1\n"}
{"level":"info","message":"::1 Sat, 30 Sep 2023 09:34:58 GMT POST HTTP/ 1.1 /api/query-acct 500 TTM 451.025 ms TRT 451.820 ms 78 PostmanRuntime/7.31.1\n"}
{"level":"info","message":"::1 Sat, 30 Sep 2023 09:36:09 GMT POST HTTP/ 1.1 /api/query-acct 500 TTM 675.633 ms TRT 678.242 ms 78 PostmanRuntime/7.31.1\n"}
{"level":"info","message":"::1 Sat, 30 Sep 2023 09:38:32 GMT POST HTTP/ 1.1 /api/query-acct 500 TTM 650.498 ms TRT 652.731 ms 78 PostmanRuntime/7.31.1\n"}
{"level":"info","message":"::1 Sat, 30 Sep 2023 10:00:39 GMT POST HTTP/ 1.1 /api/query-acct 500 TTM 1928.216 ms TRT 1930.664 ms 78 PostmanRuntime/7.31.1\n"}
{"level":"info","message":"::1 Sat, 30 Sep 2023 10:01:48 GMT POST HTTP/ 1.1 /api/query-acct 500 TTM 464.544 ms TRT 465.274 ms 78 PostmanRuntime/7.31.1\n"}
{"level":"info","message":"::1 Sat, 30 Sep 2023 10:15:00 GMT POST HTTP/ 1.1 /api/query-acct 500 TTM 819.917 ms TRT 822.466 ms 78 PostmanRuntime/7.31.1\n"}
{"level":"info","message":"::1 Sat, 30 Sep 2023 10:15:47 GMT POST HTTP/ 1.1 /api/query-acct 500 TTM 675.651 ms TRT 678.041 ms 78 PostmanRuntime/7.31.1\n"}
{"level":"info","message":"::1 Sat, 30 Sep 2023 10:18:44 GMT POST HTTP/ 1.1 /api/query-acct 200 TTM 20.149 ms TRT 23.978 ms 66 PostmanRuntime/7.31.1\n"}
{"level":"info","message":"::1 Sat, 30 Sep 2023 10:22:35 GMT POST HTTP/ 1.1 /api/query-acct 200 TTM 20.838 ms TRT 24.057 ms 66 PostmanRuntime/7.31.1\n"}
{"level":"info","message":"::1 Sat, 30 Sep 2023 10:22:36 GMT POST HTTP/ 1.1 /api/query-acct 200 TTM 1.512 ms TRT 2.971 ms 66 PostmanRuntime/7.31.1\n"}
{"level":"info","message":"::1 Sat, 30 Sep 2023 10:22:37 GMT POST HTTP/ 1.1 /api/query-acct 200 TTM 0.892 ms TRT 1.448 ms 66 PostmanRuntime/7.31.1\n"}
{"level":"info","message":"::1 Sat, 30 Sep 2023 12:13:20 GMT POST HTTP/ 1.1 /api/query-acct 500 TTM 696.706 ms TRT 699.251 ms 78 PostmanRuntime/7.31.1\n"}
{"level":"info","message":"::1 Sat, 30 Sep 2023 12:14:44 GMT POST HTTP/ 1.1 /api/query-acct 500 TTM 472.206 ms TRT 473.102 ms 78 PostmanRuntime/7.31.1\n"}
{"level":"info","message":"::1 Sat, 30 Sep 2023 12:15:54 GMT POST HTTP/ 1.1 /api/query-acct 500 TTM 697.568 ms TRT 701.101 ms 78 PostmanRuntime/7.31.1\n"}
{"level":"info","message":"::1 Sat, 30 Sep 2023 12:16:37 GMT POST HTTP/ 1.1 /api/query-acct 500 TTM 453.407 ms TRT 454.065 ms 78 PostmanRuntime/7.31.1\n"}
{"level":"info","message":"::1 Sat, 30 Sep 2023 12:28:58 GMT POST HTTP/ 1.1 /api/query-acct 500 TTM 793.244 ms TRT 797.332 ms 78 PostmanRuntime/7.31.1\n"}
{"level":"info","message":"::1 Sat, 30 Sep 2023 12:29:51 GMT POST HTTP/ 1.1 /api/query-acct 500 TTM 717.896 ms TRT 720.663 ms 70 PostmanRuntime/7.31.1\n"}
{"level":"info","message":"::1 Mon, 02 Oct 2023 08:10:39 GMT POST HTTP/ 1.1 /api/create-merchant 500 TTM 127.732 ms TRT 130.759 ms 110 PostmanRuntime/7.31.1\n"}
{"level":"info","message":"::1 Mon, 02 Oct 2023 08:11:27 GMT POST HTTP/ 1.1 /api/create-merchant 500 TTM 17.049 ms TRT 17.618 ms 115 PostmanRuntime/7.31.1\n"}
{"level":"info","message":"::1 Mon, 02 Oct 2023 08:12:04 GMT POST HTTP/ 1.1 /api/create-merchant 500 TTM 19.152 ms TRT 19.806 ms 115 PostmanRuntime/7.31.1\n"}
{"level":"info","message":"::1 Mon, 02 Oct 2023 08:13:08 GMT POST HTTP/ 1.1 /api/create-merchant 500 TTM 115.031 ms TRT 143.680 ms 115 PostmanRuntime/7.31.1\n"}
{"level":"info","message":"::1 Mon, 02 Oct 2023 08:13:47 GMT POST HTTP/ 1.1 /api/create-merchant 500 TTM 123.157 ms TRT 127.012 ms 115 PostmanRuntime/7.31.1\n"}
{"level":"info","message":"::1 Mon, 02 Oct 2023 08:14:19 GMT POST HTTP/ 1.1 /api/create-merchant 500 TTM 24.954 ms TRT 25.768 ms 115 PostmanRuntime/7.31.1\n"}
{"level":"info","message":"::1 Mon, 02 Oct 2023 08:15:06 GMT POST HTTP/ 1.1 /api/create-merchant 500 TTM 16.906 ms TRT 18.168 ms 115 PostmanRuntime/7.31.1\n"}
{"level":"info","message":"::1 Mon, 02 Oct 2023 08:16:05 GMT POST HTTP/ 1.1 /api/create-merchant 200 TTM 77.099 ms TRT 86.455 ms 43 PostmanRuntime/7.31.1\n"}
{"level":"info","message":"::1 Mon, 02 Oct 2023 08:17:12 GMT POST HTTP/ 1.1 /api/create-merchant 200 TTM 26.108 ms TRT 26.781 ms 43 PostmanRuntime/7.31.1\n"}
{"level":"info","message":"::1 Mon, 02 Oct 2023 08:17:55 GMT POST HTTP/ 1.1 /api/create-merchant 500 TTM 6.455 ms TRT 7.302 ms 72 PostmanRuntime/7.31.1\n"}
{"level":"info","message":"::1 Mon, 02 Oct 2023 08:18:09 GMT POST HTTP/ 1.1 /api/create-merchant 200 TTM 20.656 ms TRT 23.583 ms 43 PostmanRuntime/7.31.1\n"}
{"level":"info","message":"::1 Mon, 02 Oct 2023 08:18:50 GMT POST HTTP/ 1.1 /api/create-merchant 200 TTM 23.210 ms TRT 23.797 ms 43 PostmanRuntime/7.31.1\n"}
{"level":"info","message":"::1 Mon, 02 Oct 2023 08:24:41 GMT POST HTTP/ 1.1 /api/create-submerchant 500 TTM 10.514 ms TRT 15.459 ms 58 PostmanRuntime/7.31.1\n"}
{"level":"info","message":"::1 Mon, 02 Oct 2023 08:25:32 GMT POST HTTP/ 1.1 /api/create-submerchant 500 TTM 74.200 ms TRT 81.255 ms 121 PostmanRuntime/7.31.1\n"}
{"level":"info","message":"::1 Mon, 02 Oct 2023 08:26:26 GMT POST HTTP/ 1.1 /api/create-submerchant 500 TTM 7.022 ms TRT 7.623 ms 121 PostmanRuntime/7.31.1\n"}
{"level":"info","message":"::1 Mon, 02 Oct 2023 08:27:31 GMT POST HTTP/ 1.1 /api/create-submerchant 500 TTM 48.389 ms TRT 55.423 ms 121 PostmanRuntime/7.31.1\n"}
{"level":"info","message":"::1 Tue, 03 Oct 2023 07:57:08 GMT POST HTTP/ 1.1 /api/query-acct 200 TTM 59.492 ms TRT 66.419 ms 66 PostmanRuntime/7.31.1\n"}
{"level":"info","message":"::1 Tue, 03 Oct 2023 07:59:22 GMT POST HTTP/ 1.1 /api/query-acct 200 TTM 24.455 ms TRT 27.828 ms 91 PostmanRuntime/7.31.1\n"}
{"level":"info","message":"::1 Tue, 03 Oct 2023 12:46:35 GMT POST HTTP/ 1.1 /api/query-acct 200 TTM 99.657 ms TRT 131.615 ms 91 PostmanRuntime/7.31.1\n"}
{"level":"info","message":"::1 Tue, 03 Oct 2023 12:47:54 GMT POST HTTP/ 1.1 /api/query-acct 200 TTM 24.239 ms TRT 33.412 ms 91 PostmanRuntime/7.31.1\n"}
{"level":"info","message":"::1 Tue, 03 Oct 2023 12:48:01 GMT POST HTTP/ 1.1 /api/query-acct 200 TTM 3.008 ms TRT 3.619 ms 91 PostmanRuntime/7.31.1\n"}
{"level":"info","message":"::1 Tue, 03 Oct 2023 12:48:02 GMT POST HTTP/ 1.1 /api/query-acct 200 TTM 0.991 ms TRT 2.111 ms 91 PostmanRuntime/7.31.1\n"}
{"level":"info","message":"::1 Tue, 03 Oct 2023 12:48:51 GMT POST HTTP/ 1.1 /api/query-acct 200 TTM 1.165 ms TRT 1.818 ms 91 PostmanRuntime/7.31.1\n"}
{"level":"info","message":"::1 Tue, 03 Oct 2023 12:48:53 GMT POST HTTP/ 1.1 /api/query-acct 200 TTM 0.867 ms TRT 1.433 ms 91 PostmanRuntime/7.31.1\n"}
{"level":"info","message":"::1 Tue, 03 Oct 2023 12:48:54 GMT POST HTTP/ 1.1 /api/query-acct 200 TTM 0.887 ms TRT 1.447 ms 91 PostmanRuntime/7.31.1\n"}
{"level":"info","message":"::1 Tue, 03 Oct 2023 12:48:55 GMT POST HTTP/ 1.1 /api/query-acct 200 TTM 0.726 ms TRT 1.199 ms 91 PostmanRuntime/7.31.1\n"}
{"level":"info","message":"::1 Tue, 03 Oct 2023 12:48:56 GMT POST HTTP/ 1.1 /api/query-acct 200 TTM 0.642 ms TRT 1.163 ms 91 PostmanRuntime/7.31.1\n"}
{"level":"info","message":"::1 Tue, 03 Oct 2023 13:14:23 GMT POST HTTP/ 1.1 /api/query-acct 200 TTM 31.031 ms TRT 91.050 ms 91 PostmanRuntime/7.31.1\n"}
{"level":"info","message":"::1 Tue, 03 Oct 2023 13:15:18 GMT POST HTTP/ 1.1 /api/query-acct 200 TTM 21.393 ms TRT 31.545 ms 91 PostmanRuntime/7.31.1\n"}
{"level":"info","message":"::1 Tue, 03 Oct 2023 13:19:58 GMT POST HTTP/ 1.1 /api/query-acct 200 TTM 21.102 ms TRT 39.215 ms 91 PostmanRuntime/7.31.1\n"}
{"level":"info","message":"::1 Tue, 03 Oct 2023 13:38:01 GMT POST HTTP/ 1.1 /api/query-acct 200 TTM 628.702 ms TRT 633.975 ms 91 PostmanRuntime/7.31.1\n"}
{"level":"info","message":"::1 Tue, 03 Oct 2023 13:38:48 GMT POST HTTP/ 1.1 /api/query-acct 200 TTM 369.431 ms TRT 374.237 ms 80 PostmanRuntime/7.31.1\n"}
{"level":"info","message":"::1 Tue, 03 Oct 2023 14:27:57 GMT POST HTTP/ 1.1 /api/query-acct 200 TTM 445.074 ms TRT 447.299 ms 80 PostmanRuntime/7.31.1\n"}
{"level":"info","message":"::1 Tue, 03 Oct 2023 15:00:50 GMT POST HTTP/ 1.1 /api/query-acct 200 TTM 742.145 ms TRT 743.456 ms 80 PostmanRuntime/7.31.1\n"}
{"level":"info","message":"::1 Tue, 03 Oct 2023 15:01:54 GMT POST HTTP/ 1.1 /api/query-acct 200 TTM 406.630 ms TRT 408.854 ms 80 PostmanRuntime/7.31.1\n"}
{"level":"info","message":"::1 Tue, 03 Oct 2023 15:02:26 GMT POST HTTP/ 1.1 /api/query-acct 200 TTM 326.708 ms TRT 332.185 ms 59 PostmanRuntime/7.31.1\n"}
{"level":"info","message":"::1 Tue, 03 Oct 2023 15:03:12 GMT POST HTTP/ 1.1 /api/query-acct 200 TTM 414.220 ms TRT 419.165 ms 59 PostmanRuntime/7.31.1\n"}
{"level":"info","message":"::1 Tue, 03 Oct 2023 15:03:49 GMT POST HTTP/ 1.1 /api/query-acct 200 TTM 451.218 ms TRT 458.893 ms 59 PostmanRuntime/7.31.1\n"}
{"level":"info","message":"::1 Tue, 03 Oct 2023 15:04:24 GMT POST HTTP/ 1.1 /api/query-acct 200 TTM 373.400 ms TRT 375.454 ms 59 PostmanRuntime/7.31.1\n"}
{"level":"info","message":"::1 Tue, 03 Oct 2023 15:04:50 GMT POST HTTP/ 1.1 /api/query-acct 200 TTM 377.994 ms TRT 380.383 ms 59 PostmanRuntime/7.31.1\n"}
{"level":"info","message":"::1 Tue, 03 Oct 2023 15:09:05 GMT POST HTTP/ 1.1 /api/query-acct 200 TTM 569.077 ms TRT 571.143 ms 80 PostmanRuntime/7.31.1\n"}
{"level":"info","message":"::1 Tue, 03 Oct 2023 15:13:07 GMT POST HTTP/ 1.1 /api/query-acct 200 TTM 633.972 ms TRT 648.261 ms 80 PostmanRuntime/7.31.1\n"}
{"level":"info","message":"::1 Tue, 03 Oct 2023 15:14:46 GMT POST HTTP/ 1.1 /api/query-acct 200 TTM 334.400 ms TRT 338.375 ms 80 PostmanRuntime/7.31.1\n"}
{"level":"info","message":"::1 Tue, 03 Oct 2023 15:19:19 GMT POST HTTP/ 1.1 /api/query-acct 200 TTM 956.345 ms TRT 958.627 ms 80 PostmanRuntime/7.31.1\n"}
{"level":"info","message":"::1 Tue, 03 Oct 2023 15:28:44 GMT POST HTTP/ 1.1 /api/query-acct 200 TTM 26.627 ms TRT 34.491 ms 91 PostmanRuntime/7.31.1\n"}
{"level":"info","message":"::1 Tue, 03 Oct 2023 15:37:30 GMT POST HTTP/ 1.1 /api/query-acct 200 TTM 29.948 ms TRT 34.430 ms 91 PostmanRuntime/7.31.1\n"}
{"level":"info","message":"::1 Tue, 03 Oct 2023 16:33:08 GMT POST HTTP/ 1.1 /api/query-acct 200 TTM 155.783 ms TRT 275.476 ms 91 PostmanRuntime/7.31.1\n"}
{"level":"info","message":"::1 Tue, 03 Oct 2023 20:48:42 GMT POST HTTP/ 1.1 /api/query-acct 200 TTM 25.773 ms TRT 37.255 ms 91 PostmanRuntime/7.31.1\n"}
{"level":"info","message":"::1 Wed, 04 Oct 2023 09:28:31 GMT POST HTTP/ 1.1 /api/query-acct 200 TTM 22.067 ms TRT 28.288 ms 66 PostmanRuntime/7.31.1\n"}
{"level":"info","message":"::1 Wed, 04 Oct 2023 10:10:16 GMT POST HTTP/ 1.1 /api/query-acct 200 TTM 33.048 ms TRT 99.206 ms 66 PostmanRuntime/7.31.1\n"}
{"level":"info","message":"::1 Wed, 04 Oct 2023 10:32:41 GMT POST HTTP/ 1.1 /api/query-acct 200 TTM 48.337 ms TRT 87.262 ms 66 PostmanRuntime/7.31.1\n"}
{"level":"info","message":"::1 Wed, 04 Oct 2023 10:34:28 GMT POST HTTP/ 1.1 /api/query-acct 200 TTM 1.758 ms TRT 2.597 ms 66 PostmanRuntime/7.31.1\n"}
{"level":"info","message":"::1 Wed, 04 Oct 2023 10:35:07 GMT POST HTTP/ 1.1 /api/query-acct 200 TTM 0.815 ms TRT 1.781 ms 66 PostmanRuntime/7.31.1\n"}
{"level":"info","message":"::1 Wed, 04 Oct 2023 11:42:38 GMT POST HTTP/ 1.1 /api/query-acct 200 TTM 19.774 ms TRT 23.770 ms 66 PostmanRuntime/7.31.1\n"}
{"level":"info","message":"::1 Wed, 04 Oct 2023 11:42:40 GMT POST HTTP/ 1.1 /api/query-acct 200 TTM 1.355 ms TRT 1.884 ms 66 PostmanRuntime/7.31.1\n"}
{"level":"info","message":"::1 Wed, 04 Oct 2023 12:44:48 GMT POST HTTP/ 1.1 /api/query-acct 200 TTM 19.683 ms TRT 22.707 ms 66 PostmanRuntime/7.31.1\n"}
{"level":"info","message":"::1 Wed, 04 Oct 2023 12:44:51 GMT POST HTTP/ 1.1 /api/query-acct 200 TTM 1.297 ms TRT 1.830 ms 66 PostmanRuntime/7.31.1\n"}
{"level":"info","message":"::1 Wed, 04 Oct 2023 12:47:01 GMT POST HTTP/ 1.1 /api/query-acct 200 TTM 20.450 ms TRT 25.284 ms 66 PostmanRuntime/7.31.1\n"}
{"level":"info","message":"::1 Wed, 04 Oct 2023 12:47:46 GMT POST HTTP/ 1.1 /api/query-acct 200 TTM 29.692 ms TRT 50.104 ms 66 PostmanRuntime/7.31.1\n"}
{"level":"info","message":"::1 Wed, 04 Oct 2023 12:47:48 GMT POST HTTP/ 1.1 /api/query-acct 200 TTM 1.338 ms TRT 1.886 ms 66 PostmanRuntime/7.31.1\n"}
{"level":"info","message":"::1 Wed, 04 Oct 2023 12:47:49 GMT POST HTTP/ 1.1 /api/query-acct 200 TTM 0.849 ms TRT 1.378 ms 66 PostmanRuntime/7.31.1\n"}
{"level":"info","message":"::1 Wed, 04 Oct 2023 12:47:50 GMT POST HTTP/ 1.1 /api/query-acct 200 TTM 0.784 ms TRT 1.141 ms 66 PostmanRuntime/7.31.1\n"}
{"level":"info","message":"::1 Wed, 04 Oct 2023 12:47:51 GMT POST HTTP/ 1.1 /api/query-acct 200 TTM 1.822 ms TRT 2.337 ms 66 PostmanRuntime/7.31.1\n"}
{"level":"info","message":"::1 Wed, 04 Oct 2023 12:47:52 GMT POST HTTP/ 1.1 /api/query-acct 200 TTM 0.820 ms TRT 1.463 ms 66 PostmanRuntime/7.31.1\n"}
{"level":"info","message":"::1 Wed, 04 Oct 2023 12:47:54 GMT POST HTTP/ 1.1 /api/query-acct 200 TTM 0.699 ms TRT 1.142 ms 66 PostmanRuntime/7.31.1\n"}
{"level":"info","message":"::1 Wed, 04 Oct 2023 12:49:45 GMT POST HTTP/ 1.1 /api/query-acct 200 TTM 0.667 ms TRT 1.049 ms 66 PostmanRuntime/7.31.1\n"}
{"level":"info","message":"::1 Wed, 04 Oct 2023 13:27:57 GMT POST HTTP/ 1.1 /api/query-acct 200 TTM 19.043 ms TRT 27.875 ms 66 PostmanRuntime/7.31.1\n"}
{"level":"info","message":"::1 Thu, 05 Oct 2023 09:33:21 GMT POST HTTP/ 1.1 /api/query-acct 200 TTM 25.688 ms TRT 30.256 ms 66 PostmanRuntime/7.31.1\n"}
{"level":"info","message":"::1 Thu, 05 Oct 2023 09:41:13 GMT POST HTTP/ 1.1 /api/query-acct 200 TTM 24.246 ms TRT 58.720 ms 66 PostmanRuntime/7.31.1\n"}
{"level":"info","message":"::1 Thu, 05 Oct 2023 09:41:17 GMT POST HTTP/ 1.1 /api/query-acct 200 TTM 1.822 ms TRT 2.526 ms 66 PostmanRuntime/7.31.1\n"}
{"level":"info","message":"::1 Thu, 05 Oct 2023 09:41:18 GMT POST HTTP/ 1.1 /api/query-acct 200 TTM 0.893 ms TRT 1.474 ms 66 PostmanRuntime/7.31.1\n"}
{"level":"info","message":"::1 Thu, 05 Oct 2023 10:08:07 GMT POST HTTP/ 1.1 /api/query-acct 200 TTM 19.247 ms TRT 24.701 ms 66 PostmanRuntime/7.31.1\n"}
{"level":"info","message":"::1 Thu, 05 Oct 2023 10:08:12 GMT POST HTTP/ 1.1 /api/query-acct 200 TTM 2.232 ms TRT 6.017 ms 66 PostmanRuntime/7.31.1\n"}
{"level":"info","message":"::1 Thu, 05 Oct 2023 10:09:12 GMT POST HTTP/ 1.1 /api/query-acct 200 TTM 21.054 ms TRT 25.801 ms 91 PostmanRuntime/7.31.1\n"}
{"level":"info","message":"::1 Thu, 05 Oct 2023 10:21:59 GMT POST HTTP/ 1.1 /api/query-acct 200 TTM 1576.096 ms TRT 1589.215 ms 88 PostmanRuntime/7.31.1\n"}
{"level":"info","message":"::1 Thu, 05 Oct 2023 10:24:13 GMT POST HTTP/ 1.1 /api/query-acct 200 TTM 2889.812 ms TRT 2892.117 ms 88 PostmanRuntime/7.31.1\n"}
{"level":"info","message":"::1 Thu, 05 Oct 2023 10:27:39 GMT POST HTTP/ 1.1 /api/query-acct 200 TTM 3461.210 ms TRT 3461.897 ms 88 PostmanRuntime/7.31.1\n"}
{"level":"info","message":"::1 Thu, 05 Oct 2023 10:31:34 GMT POST HTTP/ 1.1 /api/query-acct 200 TTM 1731.634 ms TRT 1733.968 ms 88 PostmanRuntime/7.31.1\n"}
{"level":"info","message":"::1 Thu, 05 Oct 2023 10:43:20 GMT POST HTTP/ 1.1 /api/query-acct 200 TTM 1621.166 ms TRT 1623.442 ms 88 PostmanRuntime/7.31.1\n"}
{"level":"info","message":"::1 Thu, 05 Oct 2023 10:46:22 GMT POST HTTP/ 1.1 /api/query-acct 200 TTM 1541.873 ms TRT 1544.125 ms 88 PostmanRuntime/7.31.1\n"}
{"level":"info","message":"::1 Thu, 05 Oct 2023 10:58:18 GMT POST HTTP/ 1.1 /api/query-acct 200 TTM 1779.965 ms TRT 1783.715 ms 311 PostmanRuntime/7.31.1\n"}
{"level":"info","message":"::1 Thu, 05 Oct 2023 11:01:41 GMT POST HTTP/ 1.1 /api/query-acct 200 TTM 2172.474 ms TRT 2174.610 ms 245 PostmanRuntime/7.31.1\n"}
{"level":"info","message":"::1 Thu, 05 Oct 2023 11:47:16 GMT POST HTTP/ 1.1 /api/query-acct 200 TTM 2147.293 ms TRT 2151.286 ms 245 PostmanRuntime/7.31.1\n"}
{"level":"info","message":"::1 Thu, 05 Oct 2023 11:58:31 GMT POST HTTP/ 1.1 /api/query-acct 200 TTM 1713.217 ms TRT 1716.001 ms 58 PostmanRuntime/7.31.1\n"}
{"level":"info","message":"::1 Thu, 05 Oct 2023 12:00:51 GMT POST HTTP/ 1.1 /api/query-acct 200 TTM 1988.864 ms TRT 1991.566 ms 245 PostmanRuntime/7.31.1\n"}
{"level":"info","message":"::1 Thu, 05 Oct 2023 12:03:53 GMT POST HTTP/ 1.1 /api/query-acct 200 TTM 2378.054 ms TRT 2439.627 ms 245 PostmanRuntime/7.31.1\n"}
{"level":"info","message":"::1 Thu, 05 Oct 2023 12:10:33 GMT POST HTTP/ 1.1 /api/query-acct 200 TTM 2117.281 ms TRT 2119.536 ms 245 PostmanRuntime/7.31.1\n"}
{"level":"info","message":"::1 Thu, 05 Oct 2023 12:19:23 GMT POST HTTP/ 1.1 /api/query-acct 200 TTM 1883.655 ms TRT 1887.290 ms 245 PostmanRuntime/7.31.1\n"}
{"level":"info","message":"::1 Thu, 05 Oct 2023 12:31:26 GMT POST HTTP/ 1.1 /api/create-merchant 500 TTM 637.977 ms TRT 644.718 ms 70 PostmanRuntime/7.31.1\n"}
{"level":"info","message":"::1 Thu, 05 Oct 2023 12:32:43 GMT POST HTTP/ 1.1 /api/query-acct 200 TTM 630.746 ms TRT 633.991 ms 245 PostmanRuntime/7.31.1\n"}
{"level":"info","message":"::1 Thu, 05 Oct 2023 12:35:09 GMT POST HTTP/ 1.1 /api/query-acct 200 TTM 861.584 ms TRT 862.163 ms 245 PostmanRuntime/7.31.1\n"}
{"level":"info","message":"::1 Thu, 05 Oct 2023 12:35:36 GMT POST HTTP/ 1.1 /api/query-acct 200 TTM 651.528 ms TRT 653.787 ms 245 PostmanRuntime/7.31.1\n"}
{"level":"info","message":"::1 Thu, 05 Oct 2023 12:35:48 GMT POST HTTP/ 1.1 /api/query-acct 200 TTM 553.563 ms TRT 555.042 ms 245 PostmanRuntime/7.31.1\n"}
{"level":"info","message":"::1 Thu, 05 Oct 2023 12:35:59 GMT POST HTTP/ 1.1 /api/query-acct 200 TTM 776.240 ms TRT 777.343 ms 245 PostmanRuntime/7.31.1\n"}
{"level":"info","message":"::1 Thu, 05 Oct 2023 12:38:56 GMT POST HTTP/ 1.1 /api/create-merchant 200 TTM 46.928 ms TRT 50.076 ms 68 PostmanRuntime/7.31.1\n"}
{"level":"info","message":"::1 Thu, 05 Oct 2023 12:51:39 GMT POST HTTP/ 1.1 /api/create-merchant 500 TTM 920.294 ms TRT 935.890 ms 70 PostmanRuntime/7.31.1\n"}
{"level":"info","message":"::1 Thu, 05 Oct 2023 12:52:01 GMT POST HTTP/ 1.1 /api/query-acct 500 TTM 134.319 ms TRT 134.855 ms 70 PostmanRuntime/7.31.1\n"}
{"level":"info","message":"::1 Thu, 05 Oct 2023 12:54:08 GMT POST HTTP/ 1.1 /api/query-acct 200 TTM 715.169 ms TRT 720.549 ms 245 PostmanRuntime/7.31.1\n"}
{"level":"info","message":"::1 Thu, 05 Oct 2023 12:55:14 GMT POST HTTP/ 1.1 /api/create-merchant 500 TTM 291.112 ms TRT 292.429 ms 70 PostmanRuntime/7.31.1\n"}
{"level":"info","message":"::1 Thu, 05 Oct 2023 12:55:25 GMT POST HTTP/ 1.1 /api/create-merchant 500 TTM 532.129 ms TRT 532.879 ms 70 PostmanRuntime/7.31.1\n"}
{"level":"info","message":"::1 Thu, 05 Oct 2023 13:06:57 GMT POST HTTP/ 1.1 /api/create-merchant 200 TTM 18.498 ms TRT 22.889 ms 43 PostmanRuntime/7.31.1\n"}
{"level":"info","message":"::1 Thu, 05 Oct 2023 13:07:01 GMT POST HTTP/ 1.1 /api/create-merchant 200 TTM 1.528 ms TRT 2.127 ms 43 PostmanRuntime/7.31.1\n"}
{"level":"info","message":"::1 Thu, 05 Oct 2023 13:07:02 GMT POST HTTP/ 1.1 /api/create-merchant 200 TTM 0.822 ms TRT 1.349 ms 43 PostmanRuntime/7.31.1\n"}
{"level":"info","message":"::1 Thu, 05 Oct 2023 13:07:02 GMT POST HTTP/ 1.1 /api/create-merchant 200 TTM 0.742 ms TRT 1.113 ms 43 PostmanRuntime/7.31.1\n"}
{"level":"info","message":"::1 Thu, 05 Oct 2023 13:07:03 GMT POST HTTP/ 1.1 /api/create-merchant 200 TTM 2.555 ms TRT 3.335 ms 43 PostmanRuntime/7.31.1\n"}
{"level":"info","message":"::1 Thu, 05 Oct 2023 13:07:03 GMT POST HTTP/ 1.1 /api/create-merchant 200 TTM 0.980 ms TRT 2.349 ms 43 PostmanRuntime/7.31.1\n"}
{"level":"info","message":"::1 Thu, 05 Oct 2023 13:07:08 GMT POST HTTP/ 1.1 /api/create-merchant 200 TTM 0.782 ms TRT 1.224 ms 43 PostmanRuntime/7.31.1\n"}
{"level":"info","message":"::1 Thu, 05 Oct 2023 13:07:09 GMT POST HTTP/ 1.1 /api/create-merchant 200 TTM 0.727 ms TRT 1.168 ms 43 PostmanRuntime/7.31.1\n"}
{"level":"info","message":"::1 Thu, 05 Oct 2023 13:08:28 GMT POST HTTP/ 1.1 /api/create-merchant 200 TTM 0.993 ms TRT 1.643 ms 43 PostmanRuntime/7.31.1\n"}
{"level":"info","message":"::1 Thu, 05 Oct 2023 13:14:15 GMT POST HTTP/ 1.1 /api/create-merchant 200 TTM 19.657 ms TRT 22.638 ms 43 PostmanRuntime/7.31.1\n"}
{"level":"info","message":"::1 Thu, 05 Oct 2023 13:14:31 GMT POST HTTP/ 1.1 /api/query-acct 200 TTM 1030.521 ms TRT 1031.201 ms 245 PostmanRuntime/7.31.1\n"}
{"level":"info","message":"::1 Thu, 05 Oct 2023 13:16:04 GMT POST HTTP/ 1.1 /api/query-acct 200 TTM 611.699 ms TRT 612.968 ms 245 PostmanRuntime/7.31.1\n"}
{"level":"info","message":"::1 Thu, 05 Oct 2023 13:30:29 GMT POST HTTP/ 1.1 /api/create-merchant 200 TTM 19.012 ms TRT 23.466 ms 43 PostmanRuntime/7.31.1\n"}
{"level":"info","message":"::1 Thu, 05 Oct 2023 13:34:06 GMT POST HTTP/ 1.1 /api/create-merchant 200 TTM 19.429 ms TRT 23.611 ms 43 PostmanRuntime/7.31.1\n"}
{"level":"info","message":"::1 Thu, 05 Oct 2023 13:34:54 GMT POST HTTP/ 1.1 /api/create-merchant 200 TTM 2.257 ms TRT 3.230 ms 43 PostmanRuntime/7.31.1\n"}
{"level":"info","message":"::1 Thu, 05 Oct 2023 13:34:55 GMT POST HTTP/ 1.1 /api/create-merchant 200 TTM 0.906 ms TRT 1.480 ms 43 PostmanRuntime/7.31.1\n"}
{"level":"info","message":"::1 Thu, 05 Oct 2023 13:37:02 GMT POST HTTP/ 1.1 /api/query-acct 200 TTM 938.879 ms TRT 939.658 ms 245 PostmanRuntime/7.31.1\n"}
{"level":"info","message":"::1 Thu, 05 Oct 2023 13:42:19 GMT POST HTTP/ 1.1 /api/query-acct 500 TTM 178.568 ms TRT 179.649 ms 70 PostmanRuntime/7.31.1\n"}
{"level":"info","message":"::1 Thu, 05 Oct 2023 13:42:26 GMT POST HTTP/ 1.1 /api/query-acct 500 TTM 127.494 ms TRT 128.322 ms 70 PostmanRuntime/7.31.1\n"}
{"level":"info","message":"::1 Thu, 05 Oct 2023 14:30:23 GMT POST HTTP/ 1.1 /api/create-merchant 200 TTM 7.416 ms TRT 10.066 ms 43 PostmanRuntime/7.31.1\n"}
{"level":"info","message":"::1 Thu, 05 Oct 2023 14:32:06 GMT POST HTTP/ 1.1 /api/query-acct 500 TTM 258.907 ms TRT 259.830 ms 70 PostmanRuntime/7.31.1\n"}
{"level":"info","message":"::1 Thu, 05 Oct 2023 14:32:28 GMT POST HTTP/ 1.1 /api/query-acct 500 TTM 159.458 ms TRT 162.484 ms 70 PostmanRuntime/7.31.1\n"}
{"level":"info","message":"::1 Thu, 05 Oct 2023 14:34:20 GMT POST HTTP/ 1.1 /api/query-acct 200 TTM 5559.744 ms TRT 5561.841 ms 245 PostmanRuntime/7.31.1\n"}
{"level":"info","message":"::1 Thu, 05 Oct 2023 14:35:57 GMT POST HTTP/ 1.1 /api/create-merchant 200 TTM 1.386 ms TRT 1.896 ms 43 PostmanRuntime/7.31.1\n"}
{"level":"info","message":"::1 Thu, 05 Oct 2023 14:42:26 GMT POST HTTP/ 1.1 /api/create-merchant 200 TTM 20.770 ms TRT 23.752 ms 43 PostmanRuntime/7.31.1\n"}
{"level":"info","message":"::1 Thu, 05 Oct 2023 14:42:27 GMT POST HTTP/ 1.1 /api/create-merchant 200 TTM 1.046 ms TRT 1.644 ms 43 PostmanRuntime/7.31.1\n"}
{"level":"info","message":"::1 Fri, 06 Oct 2023 06:58:58 GMT POST HTTP/ 1.1 /api/query-acct 500 TTM 369.518 ms TRT 371.929 ms 70 PostmanRuntime/7.31.1\n"}
{"level":"info","message":"::1 Fri, 06 Oct 2023 07:02:36 GMT POST HTTP/ 1.1 /api/create-merchant 200 TTM 1.927 ms TRT 3.350 ms 43 PostmanRuntime/7.31.1\n"}
{"level":"info","message":"::1 Fri, 06 Oct 2023 07:02:38 GMT POST HTTP/ 1.1 /api/create-merchant 200 TTM 1.036 ms TRT 1.527 ms 43 PostmanRuntime/7.31.1\n"}
{"level":"info","message":"::1 Fri, 06 Oct 2023 07:18:16 GMT POST HTTP/ 1.1 /api/create-merchant 200 TTM 21.835 ms TRT 29.192 ms 43 PostmanRuntime/7.31.1\n"}
{"level":"info","message":"::1 Fri, 06 Oct 2023 07:18:32 GMT POST HTTP/ 1.1 /api/create-merchant 200 TTM 1.221 ms TRT 1.741 ms 43 PostmanRuntime/7.31.1\n"}
{"level":"info","message":"::1 Fri, 06 Oct 2023 07:18:33 GMT POST HTTP/ 1.1 /api/create-merchant 200 TTM 0.798 ms TRT 1.629 ms 43 PostmanRuntime/7.31.1\n"}
{"level":"info","message":"::1 Fri, 06 Oct 2023 07:20:24 GMT POST HTTP/ 1.1 /api/create-merchant 200 TTM 26.874 ms TRT 100.733 ms 43 PostmanRuntime/7.31.1\n"}
{"level":"info","message":"::1 Fri, 06 Oct 2023 09:07:40 GMT POST HTTP/ 1.1 /api/query-acct 500 TTM 255.938 ms TRT 260.454 ms 70 PostmanRuntime/7.31.1\n"}
{"level":"info","message":"::1 Fri, 06 Oct 2023 09:08:57 GMT POST HTTP/ 1.1 /api/create-merchant 200 TTM 1.767 ms TRT 2.335 ms 43 PostmanRuntime/7.31.1\n"}
{"level":"info","message":"::1 Fri, 06 Oct 2023 09:08:58 GMT POST HTTP/ 1.1 /api/create-merchant 200 TTM 1.072 ms TRT 2.012 ms 43 PostmanRuntime/7.31.1\n"}
{"level":"info","message":"::1 Fri, 06 Oct 2023 11:15:41 GMT POST HTTP/ 1.1 /api/create-merchant 200 TTM 5.400 ms TRT 9.484 ms 43 PostmanRuntime/7.31.1\n"}
